[    0.000000] Linux version 4.15.0-124-generic (buildd@lgw01-amd64-029) (gcc version 7.5.0 (Ubuntu 7.5.0-3ubuntu1~18.04)) #127-Ubuntu SMP Fri Nov 6 10:54:43 UTC 2020 (Ubuntu 4.15.0-124.127-generic 4.15.18)
[    0.000000] Command line: BOOT_IMAGE=/boot/vmlinuz-4.15.0-124-generic root=LABEL=cloudimg-rootfs ro console=tty1 console=ttyS0
[    0.000000] KERNEL supported cpus:
[    0.000000]   Intel GenuineIntel
[    0.000000]   AMD AuthenticAMD
[    0.000000]   Centaur CentaurHauls
[    0.000000] x86/fpu: Supporting XSAVE feature 0x001: 'x87 floating point registers'
[    0.000000] x86/fpu: Supporting XSAVE feature 0x002: 'SSE registers'
[    0.000000] x86/fpu: Supporting XSAVE feature 0x004: 'AVX registers'
[    0.000000] x86/fpu: xstate_offset[2]:  576, xstate_sizes[2]:  256
[    0.000000] x86/fpu: Enabled xstate features 0x7, context size is 832 bytes, using 'standard' format.
[    0.000000] e820: BIOS-provided physical RAM map:
[    0.000000] BIOS-e820: [mem 0x0000000000000000-0x000000000009fbff] usable
[    0.000000] BIOS-e820: [mem 0x000000000009fc00-0x000000000009ffff] reserved
[    0.000000] BIOS-e820: [mem 0x00000000000f0000-0x00000000000fffff] reserved
[    0.000000] BIOS-e820: [mem 0x0000000000100000-0x000000001ffeffff] usable
[    0.000000] BIOS-e820: [mem 0x000000001fff0000-0x000000001fffffff] ACPI data
[    0.000000] BIOS-e820: [mem 0x00000000fec00000-0x00000000fec00fff] reserved
[    0.000000] BIOS-e820: [mem 0x00000000fee00000-0x00000000fee00fff] reserved
[    0.000000] BIOS-e820: [mem 0x00000000fffc0000-0x00000000ffffffff] reserved
[    0.000000] NX (Execute Disable) protection: active
[    0.000000] SMBIOS 2.5 present.
[    0.000000] DMI: innotek GmbH VirtualBox/VirtualBox, BIOS VirtualBox 12/01/2006
[    0.000000] Hypervisor detected: KVM
[    0.000000] e820: last_pfn = 0x1fff0 max_arch_pfn = 0x400000000
[    0.000000] MTRR: Disabled
[    0.000000] x86/PAT: MTRRs disabled, skipping PAT initialization too.
[    0.000000] CPU MTRRs all blank - virtualized system.
[    0.000000] x86/PAT: Configuration [0-7]: WB  WT  UC- UC  WB  WT  UC- UC  
[    0.000000] found SMP MP-table at [mem 0x0009fff0-0x0009ffff]
[    0.000000] Scanning 1 areas for low memory corruption
[    0.000000] RAMDISK: [mem 0x1db46000-0x1ee09fff]
[    0.000000] ACPI: Early table checksum verification disabled
[    0.000000] ACPI: RSDP 0x00000000000E0000 000024 (v02 VBOX  )
[    0.000000] ACPI: XSDT 0x000000001FFF0030 00003C (v01 VBOX   VBOXXSDT 00000001 ASL  00000061)
[    0.000000] ACPI: FACP 0x000000001FFF00F0 0000F4 (v04 VBOX   VBOXFACP 00000001 ASL  00000061)
[    0.000000] ACPI: DSDT 0x000000001FFF0470 002325 (v02 VBOX   VBOXBIOS 00000002 INTL 20100528)
[    0.000000] ACPI: FACS 0x000000001FFF0200 000040
[    0.000000] ACPI: FACS 0x000000001FFF0200 000040
[    0.000000] ACPI: APIC 0x000000001FFF0240 000054 (v02 VBOX   VBOXAPIC 00000001 ASL  00000061)
[    0.000000] ACPI: SSDT 0x000000001FFF02A0 0001CC (v01 VBOX   VBOXCPUT 00000002 INTL 20100528)
[    0.000000] No NUMA configuration found
[    0.000000] Faking a node at [mem 0x0000000000000000-0x000000001ffeffff]
[    0.000000] NODE_DATA(0) allocated [mem 0x1ffc5000-0x1ffeffff]
[    0.000000] kvm-clock: cpu 0, msr 0:1ff44001, primary cpu clock
[    0.000000] kvm-clock: Using msrs 4b564d01 and 4b564d00
[    0.000000] kvm-clock: using sched offset of 3598960283 cycles
[    0.000000] clocksource: kvm-clock: mask: 0xffffffffffffffff max_cycles: 0x1cd42e4dffb, max_idle_ns: 881590591483 ns
[    0.000000] Zone ranges:
[    0.000000]   DMA      [mem 0x0000000000001000-0x0000000000ffffff]
[    0.000000]   DMA32    [mem 0x0000000001000000-0x000000001ffeffff]
[    0.000000]   Normal   empty
[    0.000000]   Device   empty
[    0.000000] Movable zone start for each node
[    0.000000] Early memory node ranges
[    0.000000]   node   0: [mem 0x0000000000001000-0x000000000009efff]
[    0.000000]   node   0: [mem 0x0000000000100000-0x000000001ffeffff]
[    0.000000] Reserved but unavailable: 98 pages
[    0.000000] Initmem setup node 0 [mem 0x0000000000001000-0x000000001ffeffff]
[    0.000000] ACPI: PM-Timer IO Port: 0x4008
[    0.000000] IOAPIC[0]: apic_id 1, version 32, address 0xfec00000, GSI 0-23
[    0.000000] ACPI: INT_SRC_OVR (bus 0 bus_irq 0 global_irq 2 dfl dfl)
[    0.000000] ACPI: INT_SRC_OVR (bus 0 bus_irq 9 global_irq 9 low level)
[    0.000000] Using ACPI (MADT) for SMP configuration information
[    0.000000] smpboot: Allowing 1 CPUs, 0 hotplug CPUs
[    0.000000] PM: Registered nosave memory: [mem 0x00000000-0x00000fff]
[    0.000000] PM: Registered nosave memory: [mem 0x0009f000-0x0009ffff]
[    0.000000] PM: Registered nosave memory: [mem 0x000a0000-0x000effff]
[    0.000000] PM: Registered nosave memory: [mem 0x000f0000-0x000fffff]
[    0.000000] e820: [mem 0x20000000-0xfebfffff] available for PCI devices
[    0.000000] Booting paravirtualized kernel on KVM
[    0.000000] clocksource: refined-jiffies: mask: 0xffffffff max_cycles: 0xffffffff, max_idle_ns: 7645519600211568 ns
[    0.000000] random: get_random_bytes called from start_kernel+0x99/0x500 with crng_init=0
[    0.000000] setup_percpu: NR_CPUS:8192 nr_cpumask_bits:1 nr_cpu_ids:1 nr_node_ids:1
[    0.000000] percpu: Embedded 45 pages/cpu s147456 r8192 d28672 u2097152
[    0.000000] PV qspinlock hash table entries: 256 (order: 0, 4096 bytes)
[    0.000000] Built 1 zonelists, mobility grouping on.  Total pages: 128889
[    0.000000] Policy zone: DMA32
[    0.000000] Kernel command line: BOOT_IMAGE=/boot/vmlinuz-4.15.0-124-generic root=LABEL=cloudimg-rootfs ro console=tty1 console=ttyS0
[    0.000000] Memory: 467116K/523832K available (12300K kernel code, 2482K rwdata, 4272K rodata, 2436K init, 2724K bss, 56716K reserved, 0K cma-reserved)
[    0.000000] SLUB: HWalign=64, Order=0-3, MinObjects=0, CPUs=1, Nodes=1
[    0.000000] Kernel/User page tables isolation: enabled
[    0.000000] ftrace: allocating 39402 entries in 154 pages
[    0.004000] Hierarchical RCU implementation.
[    0.004000] 	RCU restricting CPUs from NR_CPUS=8192 to nr_cpu_ids=1.
[    0.004000] 	Tasks RCU enabled.
[    0.004000] RCU: Adjusting geometry for rcu_fanout_leaf=16, nr_cpu_ids=1
[    0.004000] NR_IRQS: 524544, nr_irqs: 256, preallocated irqs: 16
[    0.004000] Console: colour VGA+ 80x25
[    0.004000] console [tty1] enabled
[    0.004000] console [ttyS0] enabled
[    0.004000] ACPI: Core revision 20170831
[    0.004000] ACPI: 2 ACPI AML tables successfully acquired and loaded
[    0.004000] APIC: Switch to symmetric I/O mode setup
[    0.004000] x2apic enabled
[    0.004000] Switched APIC routing to physical x2apic.
[    0.004000] ..TIMER: vector=0x30 apic1=0 pin1=2 apic2=-1 pin2=-1
[    0.004004] tsc: Detected 2904.000 MHz processor
[    0.004693] Calibrating delay loop (skipped) preset value.. 5808.00 BogoMIPS (lpj=11616000)
[    0.005250] pid_max: default: 32768 minimum: 301
[    0.006007] Security Framework initialized
[    0.006824] Yama: becoming mindful.
[    0.008019] AppArmor: AppArmor initialized
[    0.008816] Dentry cache hash table entries: 65536 (order: 7, 524288 bytes)
[    0.009887] Inode-cache hash table entries: 32768 (order: 6, 262144 bytes)
[    0.010879] Mount-cache hash table entries: 1024 (order: 1, 8192 bytes)
[    0.012003] Mountpoint-cache hash table entries: 1024 (order: 1, 8192 bytes)
[    0.013327] process: using mwait in idle threads
[    0.014057] Last level iTLB entries: 4KB 64, 2MB 8, 4MB 8
[    0.014859] Last level dTLB entries: 4KB 64, 2MB 0, 4MB 0, 1GB 4
[    0.016003] Spectre V1 : Mitigation: usercopy/swapgs barriers and __user pointer sanitization
[    0.017229] Spectre V2 : Mitigation: Full generic retpoline
[    0.018036] Spectre V2 : Spectre v2 / SpectreRSB mitigation: Filling RSB on context switch
[    0.019409] Speculative Store Bypass: Vulnerable
[    0.020025] SRBDS: Unknown: Dependent on hypervisor status
[    0.020753] MDS: Vulnerable: Clear CPU buffers attempted, no microcode
[    0.028632] Freeing SMP alternatives memory: 36K
[    0.139647] smpboot: CPU0: Intel(R) Core(TM) i7-7500U CPU @ 2.70GHz (family: 0x6, model: 0x8e, stepping: 0x9)
[    0.140000] Performance Events: unsupported p6 CPU model 142 no PMU driver, software events only.
[    0.140000] Hierarchical SRCU implementation.
[    0.140043] NMI watchdog: Perf event create on CPU 0 failed with -2
[    0.140858] NMI watchdog: Perf NMI watchdog permanently disabled
[    0.141683] smp: Bringing up secondary CPUs ...
[    0.142298] smp: Brought up 1 node, 1 CPU
[    0.142845] smpboot: Max logical packages: 1
[    0.143424] smpboot: Total of 1 processors activated (5808.00 BogoMIPS)
[    0.144079] devtmpfs: initialized
[    0.144590] x86/mm: Memory block size: 128MB
[    0.145427] evm: security.selinux
[    0.145998] evm: security.SMACK64
[    0.146528] evm: security.SMACK64EXEC
[    0.147123] evm: security.SMACK64TRANSMUTE
[    0.147755] evm: security.SMACK64MMAP
[    0.148004] evm: security.apparmor
[    0.148496] evm: security.ima
[    0.149123] evm: security.capability
[    0.149721] clocksource: jiffies: mask: 0xffffffff max_cycles: 0xffffffff, max_idle_ns: 7645041785100000 ns
[    0.150993] futex hash table entries: 256 (order: 2, 16384 bytes)
[    0.152037] pinctrl core: initialized pinctrl subsystem
[    0.152800] RTC time: 12:23:49, date: 12/14/20
[    0.153458] NET: Registered protocol family 16
[    0.154109] audit: initializing netlink subsys (disabled)
[    0.155013] cpuidle: using governor ladder
[    0.155576] cpuidle: using governor menu
[    0.156008] audit: type=2000 audit(1607948634.643:1): state=initialized audit_enabled=0 res=1
[    0.157231] ACPI: bus type PCI registered
[    0.157783] acpiphp: ACPI Hot Plug PCI Controller Driver version: 0.5
[    0.158815] PCI: Using configuration type 1 for base access
[    0.160423] HugeTLB registered 2.00 MiB page size, pre-allocated 0 pages
[    0.161417] ACPI: Added _OSI(Module Device)
[    0.162001] ACPI: Added _OSI(Processor Device)
[    0.162615] ACPI: Added _OSI(3.0 _SCP Extensions)
[    0.164003] ACPI: Added _OSI(Processor Aggregator Device)
[    0.164734] ACPI: Added _OSI(Linux-Dell-Video)
[    0.165347] ACPI: Added _OSI(Linux-Lenovo-NV-HDMI-Audio)
[    0.166144] ACPI: Added _OSI(Linux-HPI-Hybrid-Graphics)
[    0.167258] ACPI: Executed 1 blocks of module-level executable AML code
[    0.170831] ACPI: Interpreter enabled
[    0.171445] ACPI: (supports S0 S5)
[    0.172013] ACPI: Using IOAPIC for interrupt routing
[    0.172930] PCI: Using host bridge windows from ACPI; if necessary, use "pci=nocrs" and report a bug
[    0.174254] ACPI: Enabled 2 GPEs in block 00 to 07
[    0.180204] ACPI: PCI Root Bridge [PCI0] (domain 0000 [bus 00-ff])
[    0.181022] acpi PNP0A03:00: _OSC: OS supports [ASPM ClockPM Segments MSI]
[    0.182274] acpi PNP0A03:00: _OSC: not requesting OS control; OS requires [ExtendedConfig ASPM ClockPM MSI]
[    0.183723] acpi PNP0A03:00: fail to add MMCONFIG information, can't access extended PCI configuration space under this bridge.
[    0.184473] PCI host bridge to bus 0000:00
[    0.185065] pci_bus 0000:00: root bus resource [io  0x0000-0x0cf7 window]
[    0.185949] pci_bus 0000:00: root bus resource [io  0x0d00-0xffff window]
[    0.186839] pci_bus 0000:00: root bus resource [mem 0x000a0000-0x000bffff window]
[    0.188006] pci_bus 0000:00: root bus resource [mem 0x20000000-0xfdffffff window]
[    0.189090] pci_bus 0000:00: root bus resource [bus 00-ff]
[    0.192763] pci 0000:00:01.1: legacy IDE quirk: reg 0x10: [io  0x01f0-0x01f7]
[    0.193848] pci 0000:00:01.1: legacy IDE quirk: reg 0x14: [io  0x03f6]
[    0.194692] pci 0000:00:01.1: legacy IDE quirk: reg 0x18: [io  0x0170-0x0177]
[    0.196003] pci 0000:00:01.1: legacy IDE quirk: reg 0x1c: [io  0x0376]
[    0.204274] pci 0000:00:07.0: quirk: [io  0x4000-0x403f] claimed by PIIX4 ACPI
[    0.205474] pci 0000:00:07.0: quirk: [io  0x4100-0x410f] claimed by PIIX4 SMB
[    0.211049] ACPI: PCI Interrupt Link [LNKA] (IRQs 5 9 10 *11)
[    0.212088] ACPI: PCI Interrupt Link [LNKB] (IRQs 5 9 *10 11)
[    0.213063] ACPI: PCI Interrupt Link [LNKC] (IRQs 5 *9 10 11)
[    0.214039] ACPI: PCI Interrupt Link [LNKD] (IRQs 5 9 10 *11)
[    0.215204] SCSI subsystem initialized
[    0.215965] pci 0000:00:02.0: vgaarb: setting as boot VGA device
[    0.216000] pci 0000:00:02.0: vgaarb: VGA device added: decodes=io+mem,owns=io+mem,locks=none
[    0.216005] pci 0000:00:02.0: vgaarb: bridge control possible
[    0.216861] vgaarb: loaded
[    0.217338] ACPI: bus type USB registered
[    0.220020] usbcore: registered new interface driver usbfs
[    0.220870] usbcore: registered new interface driver hub
[    0.221674] usbcore: registered new device driver usb
[    0.222504] EDAC MC: Ver: 3.0.0
[    0.223292] PCI: Using ACPI for IRQ routing
[    0.224221] NetLabel: Initializing
[    0.224828] NetLabel:  domain hash size = 128
[    0.225532] NetLabel:  protocols = UNLABELED CIPSOv4 CALIPSO
[    0.226430] NetLabel:  unlabeled traffic allowed by default
[    0.227389] clocksource: Switched to clocksource kvm-clock
[    0.246175] VFS: Disk quotas dquot_6.6.0
[    0.246847] VFS: Dquot-cache hash table entries: 512 (order 0, 4096 bytes)
[    0.247802] AppArmor: AppArmor Filesystem Enabled
[    0.248481] pnp: PnP ACPI init
[    0.249728] pnp: PnP ACPI: found 3 devices
[    0.255494] clocksource: acpi_pm: mask: 0xffffff max_cycles: 0xffffff, max_idle_ns: 2085701024 ns
[    0.256762] NET: Registered protocol family 2
[    0.257530] TCP established hash table entries: 4096 (order: 3, 32768 bytes)
[    0.258470] TCP bind hash table entries: 4096 (order: 4, 65536 bytes)
[    0.259305] TCP: Hash tables configured (established 4096 bind 4096)
[    0.260135] UDP hash table entries: 256 (order: 1, 8192 bytes)
[    0.260977] UDP-Lite hash table entries: 256 (order: 1, 8192 bytes)
[    0.261994] NET: Registered protocol family 1
[    0.262784] pci 0000:00:00.0: Limiting direct PCI/PCI transfers
[    0.263712] pci 0000:00:01.0: Activating ISA DMA hang workarounds
[    0.264663] pci 0000:00:02.0: Video device with shadowed ROM at [mem 0x000c0000-0x000dffff]
[    0.266168] Unpacking initramfs...
[    0.581796] Freeing initrd memory: 19216K
[    0.582603] clocksource: tsc: mask: 0xffffffffffffffff max_cycles: 0x29dc05e54fc, max_idle_ns: 440795291716 ns
[    0.584215] platform rtc_cmos: registered platform RTC device (no PNP device found)
[    0.585451] Scanning for low memory corruption every 60 seconds
[    0.586697] Initialise system trusted keyrings
[    0.587376] Key type blacklist registered
[    0.588043] workingset: timestamp_bits=36 max_order=17 bucket_order=0
[    0.589802] zbud: loaded
[    0.590560] squashfs: version 4.0 (2009/01/31) Phillip Lougher
[    0.591605] fuse init (API version 7.26)
[    0.592792] Key type asymmetric registered
[    0.593358] Asymmetric key parser 'x509' registered
[    0.594028] Block layer SCSI generic (bsg) driver version 0.4 loaded (major 246)
[    0.595360] io scheduler noop registered
[    0.596239] io scheduler deadline registered
[    0.597203] io scheduler cfq registered (default)
[    0.598404] ACPI: AC Adapter [AC] (on-line)
[    0.599270] input: Power Button as /devices/LNXSYSTM:00/LNXPWRBN:00/input/input0
[    0.601085] ACPI: Power Button [PWRF]
[    0.601680] input: Sleep Button as /devices/LNXSYSTM:00/LNXSLPBN:00/input/input1
[    0.603084] ACPI: Sleep Button [SLPF]
[    0.604684] ACPI: Battery Slot [BAT0] (battery present)
[    0.605957] Serial: 8250/16550 driver, 32 ports, IRQ sharing enabled
[    0.628034] 00:02: ttyS0 at I/O 0x3f8 (irq = 4, base_baud = 115200) is a 16550A
[    0.634578] Linux agpgart interface v0.103
[    0.636350] loop: module loaded
[    0.637345] scsi host0: ata_piix
[    0.637975] scsi host1: ata_piix
[    0.638614] ata1: PATA max UDMA/33 cmd 0x1f0 ctl 0x3f6 bmdma 0xd000 irq 14
[    0.640159] ata2: PATA max UDMA/33 cmd 0x170 ctl 0x376 bmdma 0xd008 irq 15
[    0.642049] libphy: Fixed MDIO Bus: probed
[    0.642729] tun: Universal TUN/TAP device driver, 1.6
[    0.643804] PPP generic driver version 2.4.2
[    0.644625] ehci_hcd: USB 2.0 'Enhanced' Host Controller (EHCI) Driver
[    0.646325] ehci-pci: EHCI PCI platform driver
[    0.647105] ehci-platform: EHCI generic platform driver
[    0.647976] ohci_hcd: USB 1.1 'Open' Host Controller (OHCI) Driver
[    0.649113] ohci-pci: OHCI PCI platform driver
[    0.649749] ohci-platform: OHCI generic platform driver
[    0.650636] uhci_hcd: USB Universal Host Controller Interface driver
[    0.651798] i8042: PNP: PS/2 Controller [PNP0303:PS2K,PNP0f03:PS2M] at 0x60,0x64 irq 1,12
[    0.653447] serio: i8042 KBD port at 0x60,0x64 irq 1
[    0.654236] serio: i8042 AUX port at 0x60,0x64 irq 12
[    0.655062] mousedev: PS/2 mouse device common for all mice
[    0.656278] input: AT Translated Set 2 keyboard as /devices/platform/i8042/serio0/input/input2
[    0.657905] rtc_cmos rtc_cmos: rtc core: registered rtc_cmos as rtc0
[    0.658983] rtc_cmos rtc_cmos: alarms up to one day, 114 bytes nvram
[    0.660068] i2c /dev entries driver
[    0.660946] device-mapper: uevent: version 1.0.3
[    0.661838] device-mapper: ioctl: 4.37.0-ioctl (2017-09-20) initialised: dm-devel@redhat.com
[    0.663212] ledtrig-cpu: registered to indicate activity on CPUs
[    0.664288] intel_pmc_core:  initialized
[    0.665106] NET: Registered protocol family 10
[    0.667929] Segment Routing with IPv6
[    0.668971] NET: Registered protocol family 17
[    0.669721] Key type dns_resolver registered
[    0.670451] mce: Using 0 MCE banks
[    0.671017] RAS: Correctable Errors collector initialized.
[    0.671975] sched_clock: Marking stable (668929601, 0)->(803972454, -135042853)
[    0.673300] registered taskstats version 1
[    0.673951] Loading compiled-in X.509 certificates
[    0.676291] Loaded X.509 cert 'Build time autogenerated kernel key: be62403dcace2d46f96dafa9f42421c610ef3c2a'
[    0.677896] zswap: loaded using pool lzo/zbud
[    0.680673] Key type big_key registered
[    0.681364] Key type trusted registered
[    0.682888] Key type encrypted registered
[    0.683541] AppArmor: AppArmor sha1 policy hashing enabled
[    0.684499] ima: No TPM chip found, activating TPM-bypass! (rc=-19)
[    0.685845] ima: Allocated hash algorithm: sha1
[    0.686593] evm: HMAC attrs: 0x1
[    0.687426]   Magic number: 0:185:380
[    0.688229] rtc_cmos rtc_cmos: setting system clock to 2020-12-14 12:23:50 UTC (1607948630)
[    0.689816] BIOS EDD facility v0.16 2004-Jun-25, 0 devices found
[    0.690899] EDD information not available.
[    0.826374] Freeing unused kernel image memory: 2436K
[    0.836802] Write protecting the kernel read-only data: 20480k
[    0.838520] Freeing unused kernel image memory: 2008K
[    0.839513] Freeing unused kernel image memory: 1872K
[    0.845736] x86/mm: Checked W+X mappings: passed, no W+X pages found.
[    0.846836] x86/mm: Checking user space page tables
[    0.852714] x86/mm: Checked W+X mappings: passed, no W+X pages found.
Loading, please wait...
starting version 237
[    0.936068] e1000: Intel(R) PRO/1000 Network Driver - version 7.3.21-k8-NAPI
[    0.937208] e1000: Copyright (c) 1999-2006 Intel Corporation.
[    0.942741] Fusion MPT base driver 3.04.20
[    0.943478] Copyright (c) 1999-2008 LSI Corporation
[    0.961884] AVX2 version of gcm_enc/dec engaged.
[    0.962873] AES CTR mode by8 optimization enabled
[    0.971129] Fusion MPT SPI Host driver 3.04.20
[    1.160651] input: ImExPS/2 Generic Explorer Mouse as /devices/platform/i8042/serio1/input/input4
[    1.331899] e1000 0000:00:03.0 eth0: (PCI:33MHz:32-bit) 02:60:71:1d:34:36
[    1.332927] e1000 0000:00:03.0 eth0: Intel(R) PRO/1000 Network Connection
[    1.334562] mptbase: ioc0: Initiating bringup
[    1.428553] ioc0: LSI53C1030 A0: Capabilities={Initiator}
[    1.669464] scsi host2: ioc0: LSI53C1030 A0, FwRev=00000000h, Ports=1, MaxQ=256, IRQ=20
[    1.836910] scsi 2:0:0:0: Direct-Access     VBOX     HARDDISK         1.0  PQ: 0 ANSI: 5
[    1.839093] scsi target2:0:0: Beginning Domain Validation
[    1.843785] scsi target2:0:0: Domain Validation skipping write tests
[    1.844952] scsi target2:0:0: Ending Domain Validation
[    1.845883] scsi target2:0:0: asynchronous
[    1.846581] random: fast init done
[    1.847360] scsi 2:0:1:0: Direct-Access     VBOX     HARDDISK         1.0  PQ: 0 ANSI: 5
[    1.848665] scsi target2:0:1: Beginning Domain Validation
[    1.850502] scsi target2:0:1: Domain Validation skipping write tests
[    1.851431] scsi target2:0:1: Ending Domain Validation
[    1.852258] scsi target2:0:1: asynchronous
[    1.856154] random: systemd-udevd: uninitialized urandom read (16 bytes read)
[    1.857137] random: systemd-udevd: uninitialized urandom read (16 bytes read)
[    1.858162] random: systemd-udevd: uninitialized urandom read (16 bytes read)
[    1.859329] sd 2:0:0:0: [sda] 20971520 512-byte logical blocks: (10.7 GB/10.0 GiB)
[    1.860490] sd 2:0:0:0: [sda] Write Protect is off
[    1.861688] sd 2:0:0:0: [sda] Incomplete mode parameter data
[    1.862584] sd 2:0:0:0: [sda] Assuming drive cache: write through
[    1.863534] sd 2:0:0:0: Attached scsi generic sg0 type 0
[    1.864928] sd 2:0:1:0: [sdb] 20480 512-byte logical blocks: (10.5 MB/10.0 MiB)
[    1.866187] sd 2:0:1:0: [sdb] Write Protect is off
[    1.867042] sd 2:0:1:0: [sdb] Incomplete mode parameter data
[    1.867924] sd 2:0:1:0: [sdb] Assuming drive cache: write through
[    1.869275] sd 2:0:1:0: Attached scsi generic sg1 type 0
[    1.871390]  sda: sda1
[    1.872598] sd 2:0:0:0: [sda] Attached SCSI disk
[    1.874211] sd 2:0:1:0: [sdb] Attached SCSI disk
[    2.219785] e1000 0000:00:08.0 eth1: (PCI:33MHz:32-bit) 08:00:27:34:88:f1
[    2.220863] e1000 0000:00:08.0 eth1: Intel(R) PRO/1000 Network Connection
[    2.222796] e1000 0000:00:08.0 enp0s8: renamed from eth1
[    2.224880] e1000 0000:00:03.0 enp0s3: renamed from eth0
Begin: Loading essential drivers ... [    3.604075] raid6: sse2x1   gen() 11060 MB/s
[    3.652398] raid6: sse2x1   xor()  8208 MB/s
[    3.700218] raid6: sse2x2   gen() 14161 MB/s
[    3.748041] raid6: sse2x2   xor()  9423 MB/s
[    3.796430] raid6: sse2x4   gen() 15399 MB/s
[    3.844462] raid6: sse2x4   xor()  8309 MB/s
[    3.892099] raid6: avx2x1   gen() 22376 MB/s
[    3.940357] raid6: avx2x1   xor() 16261 MB/s
[    3.988223] raid6: avx2x2   gen() 27620 MB/s
[    4.036076] raid6: avx2x2   xor() 17650 MB/s
[    4.084394] raid6: avx2x4   gen() 30610 MB/s
[    4.132135] raid6: avx2x4   xor() 17489 MB/s
[    4.132836] raid6: using algorithm avx2x4 gen() 30610 MB/s
[    4.133655] raid6: .... xor() 17489 MB/s, rmw enabled
[    4.134482] raid6: using avx2x2 recovery algorithm
[    4.136681] xor: automatically using best checksumming function   avx       
[    4.138910] async_tx: api initialized (async)
done.
Begin: Running /scripts/init-premount ... done.
Begin: Mounting root file system ... Begin: Running /scripts/local-top ... done.
Begin: Running /scripts/local-premount ... [    4.181573] Btrfs loaded, crc32c=crc32c-intel
Scanning for Btrfs filesystems
done.
Warning: fsck not present, so skipping root file system
[    4.205844] EXT4-fs (sda1): mounted filesystem with ordered data mode. Opts: (null)
done.
Begin: Running /scripts/local-bottom ... done.
Begin: Running /scripts/init-bottom ... done.
[    4.362848] ip_tables: (C) 2000-2006 Netfilter Core Team
[    4.376529] systemd[1]: systemd 237 running in system mode. (+PAM +AUDIT +SELINUX +IMA +APPARMOR +SMACK +SYSVINIT +UTMP +LIBCRYPTSETUP +GCRYPT +GNUTLS +ACL +XZ +LZ4 +SECCOMP +BLKID +ELFUTILS +KMOD -IDN2 +IDN -PCRE2 default-hierarchy=hybrid)
[    4.379983] systemd[1]: Detected virtualization oracle.
[    4.380891] systemd[1]: Detected architecture x86-64.

Welcome to [1mUbuntu 18.04.5 LTS[0m!

[    4.397363] systemd[1]: Set hostname to <ubuntu>.
[    4.401965] systemd[1]: Initializing machine ID from random generator.
[    4.403267] systemd[1]: Installed transient /etc/machine-id file.
[    4.630251] systemd[1]: Reached target User and Group Name Lookups.
[[0;32m  OK  [0m] Reached target User and Group Name Lookups.
[    4.631965] systemd[1]: Started Forward Password Requests to Wall Directory Watch.
[[0;32m  OK  [0m] Started Forward Password Requests to Wall Directory Watch.
[    4.634310] systemd[1]: Created slice User and Session Slice.
[[0;32m  OK  [0m] Created slice User and Session Slice.
[    4.635850] systemd[1]: Reached target System Time Synchronized.
[[0;32m  OK  [0m] Reached target System Time Synchronized.
[[0;32m  OK  [0m] Created slice System Slice.
[[0;32m  OK  [0m] Listening on Journal Socket.
[[0;32m  OK  [0m] Created slice system-serial\x2dgetty.slice.
         Starting Load Kernel Modules...
         Mounting POSIX Message Queue File System...
[[0;32m  OK  [0m] Listening on Syslog Socket.
         Mounting Kernel Debug File System...
[[0;32m  OK  [0m] Listening on Network Service Netlink Socket.
         Starting Create list of required st…ce nodes for the current kernel...
[    4.661656] Loading iSCSI transport class v2.0-870.
[    4.667302] iscsi: registered transport (tcp)
[[0;32m  OK  [0m] Listening on udev Kernel Socket.
[[0;32m  OK  [0m] Listening on udev Control Socket.
         Starting udev Coldplug all Devices...
         Starting Remount Root and Kernel File Systems...
[[0;32m  OK  [0m] Listening on Device-mapper event daemon FIFOs.
[[0;32m  OK  [0m] Listening on Journal Socket (/dev/log).
[[0;32m  OK  [0m] Listening on Journal Audit Socket.
         Mounting Huge Pages File System...
[    4.689703] iscsi: registered transport (iser)
         Starting Journal Service...
         Starting Set the console keyboard layout...
[[0;32m  OK  [0m] Reached target Swap.
[[0;32m  OK  [0m] Reached target Slices.
[[0;32m  OK  [0m] Listening on LVM2 poll daemon socket.
[[0;32m  OK  [0m] Set up automount Arbitrary Executab…rmats File System Automount Point.
         Starting Uncomplicated firewall...
[[0;32m  OK  [0m] Listening on /dev/initctl Compatibility Named Pipe.
[    4.756633] EXT4-fs (sda1): re-mounted. Opts: (null)
[[0;32m  OK  [0m] Listening on LVM2 metadata daemon socket.
         Starting Monitoring of LVM2 mirrors…ng dmeventd or progress polling...
[[0;32m  OK  [0m] Started Journal Service.
[[0;32m  OK  [0m] Started Load Kernel Modules.
[[0;32m  OK  [0m] Mounted POSIX Message Queue File System.
[[0;32m  OK  [0m] Mounted Kernel Debug File System.
[[0;32m  OK  [0m] Started Create list of required sta…vice nodes for the current kernel.
[[0;32m  OK  [0m] Started Remount Root and Kernel File Systems.
[[0;32m  OK  [0m] Mounted Huge Pages File System.
[[0;32m  OK  [0m] Started Uncomplicated firewall.
[[0;32m  OK  [0m] Started LVM2 metadata daemon.
         Starting Load/Save Random Seed...
         Starting Create Static Device Nodes in /dev...
         Mounting FUSE Control File System...
         Mounting Kernel Configuration File System...
         Starting Apply Kernel Variables...
         Starting Flush Journal to Persistent Storage...
[[0;32m  OK  [0m] Started udev Coldplug all Devices.
[[0;32m  OK  [0m] Started Load/Save Random Seed.
[[0;32m  OK  [0m] Mounted FUSE Control File System.
[[0;32m  OK  [0m] Mounted Kernel Configuration File System.
[[0;32m  OK  [0m] Started Create Static Device Nodes in /dev.
         Starting udev Kernel Device Manager...
[[0;32m  OK  [0m] Started Monitoring of LVM2 mirrors,…sing dmeventd or progress polling.
[    4.897710] systemd-journald[428]: Received request to flush runtime journal from PID 1
[[0;32m  OK  [0m] Started udev Kernel Device Manager.
[[0;32m  OK  [0m] Started Apply Kernel Variables.
[[0;32m  OK  [0m] Started Flush Journal to Persistent Storage.
[[0;32m  OK  [0m] Found device /dev/ttyS0.
[[0;32m  OK  [0m] Listening on Load/Save RF Kill Switch Status /dev/rfkill Watch.
[[0;32m  OK  [0m] Started Set the console keyboard layout.
[[0;32m  OK  [0m] Reached target Local File Systems (Pre).
[[0;32m  OK  [0m] Reached target Local File Systems.
         Starting Tell Plymouth To Write Out Runtime Data...
         Starting Set console font and keymap...
         Starting Commit a transient machine-id on disk...
         Starting AppArmor initialization...
         Starting Create Volatile Files and Directories...
         Starting ebtables ruleset management...
[[0;32m  OK  [0m] Started Dispatch Password Requests to Console Directory Watch.
[[0;32m  OK  [0m] Reached target Local Encrypted Volumes.
[[0;32m  OK  [0m] Started Tell Plymouth To Write Out Runtime Data.
[[0;32m  OK  [0m] Started Set console font and keymap.
[[0;32m  OK  [0m] Started Commit a transient machine-id on disk.
[[0;32m  OK  [0m] Started Create Volatile Files and Directories.
         Starting Update UTMP about System Boot/Shutdown...
[[0;32m  OK  [0m] Started Update UTMP about System Boot/Shutdown.
[[0;32m  OK  [0m] Started ebtables ruleset management.
[[0;32m  OK  [0m] Started AppArmor initialization.
         Starting Initial cloud-init job (pre-networking)...
         Starting Load AppArmor profiles managed internally by snapd...
[[0;32m  OK  [0m] Started Load AppArmor profiles managed internally by snapd.
[    8.314621] cloud-init[658]: Cloud-init v. 20.3-2-g371b392c-0ubuntu1~18.04.1 running 'init-local' at Mon, 14 Dec 2020 12:23:57 +0000. Up 7.98 seconds.
[[0;32m  OK  [0m] Started Initial cloud-init job (pre-networking).
[[0;32m  OK  [0m] Reached target Network (Pre).
         Starting Network Service...
[[0;32m  OK  [0m] Started Network Service.
         Starting Wait for Network to be Configured...
         Starting Network Name Resolution...
[[0;32m  OK  [0m] Started Network Name Resolution.
[[0;32m  OK  [0m] Reached target Network.
[[0;32m  OK  [0m] Reached target Host and Network Name Lookups.
[[0;32m  OK  [0m] Started Wait for Network to be Configured.
         Starting Initial cloud-init job (metadata service crawler)...
[   10.104320] cloud-init[796]: Cloud-init v. 20.3-2-g371b392c-0ubuntu1~18.04.1 running 'init' at Mon, 14 Dec 2020 12:23:59 +0000. Up 9.98 seconds.
[   10.105400] cloud-init[796]: ci-info: ++++++++++++++++++++++++++++++++++++++Net device info+++++++++++++++++++++++++++++++++++++++
[   10.116357] cloud-init[796]: ci-info: +--------+-------+----------------------------+---------------+--------+-------------------+
[   10.117052] cloud-init[796]: ci-info: | Device |   Up  |          Address           |      Mask     | Scope  |     Hw-Address    |
[   10.117793] cloud-init[796]: ci-info: +--------+-------+----------------------------+---------------+--------+-------------------+
[   10.118991] cloud-init[796]: ci-info: | enp0s3 |  True |         10.0.2.15          | 255.255.255.0 | global | 02:60:71:1d:34:36 |
[   10.120223] cloud-init[796]: ci-info: | enp0s3 |  True | fe80::60:71ff:fe1d:3436/64 |       .       |  link  | 02:60:71:1d:34:36 |
[   10.122146] cloud-init[796]: ci-info: | enp0s8 | False |             .              |       .       |   .    | 08:00:27:34:88:f1 |
[   10.124048] cloud-init[796]: ci-info: |   lo   |  True |         127.0.0.1          |   255.0.0.0   |  host  |         .         |
[   10.136166] cloud-init[796]: ci-info: |   lo   |  True |          ::1/128           |       .       |  host  |         .         |
[   10.148656] cloud-init[796]: ci-info: +--------+-------+----------------------------+---------------+--------+-------------------+
[   10.160170] cloud-init[796]: ci-info: ++++++++++++++++++++++++++++Route IPv4 info+++++++++++++++++++++++++++++
[   10.172517] cloud-init[796]: ci-info: +-------+-------------+----------+-----------------+-----------+-------+
[   10.173208] cloud-init[796]: ci-info: | Route | Destination | Gateway  |     Genmask     | Interface | Flags |
[   10.174326] cloud-init[796]: ci-info: +-------+-------------+----------+-----------------+-----------+-------+
[   10.184214] cloud-init[796]: ci-info: |   0   |   0.0.0.0   | 10.0.2.2 |     0.0.0.0     |   enp0s3  |   UG  |
[   10.185293] cloud-init[796]: ci-info: |   1   |   10.0.2.0  | 0.0.0.0  |  255.255.255.0  |   enp0s3  |   U   |
[   10.186374] cloud-init[796]: ci-info: |   2   |   10.0.2.2  | 0.0.0.0  | 255.255.255.255 |   enp0s3  |   UH  |
[   10.188110] cloud-init[796]: ci-info: +-------+-------------+----------+-----------------+-----------+-------+
[   10.190923] cloud-init[796]: ci-info: +++++++++++++++++++Route IPv6 info+++++++++++++++++++
[   10.200428] cloud-init[796]: ci-info: +-------+-------------+---------+-----------+-------+
[   10.212171] cloud-init[796]: ci-info: | Route | Destination | Gateway | Interface | Flags |
[   10.212953] cloud-init[796]: ci-info: +-------+-------------+---------+-----------+-------+
[   10.213666] cloud-init[796]: ci-info: |   1   |  fe80::/64  |    ::   |   enp0s3  |   U   |
[   10.214434] cloud-init[796]: ci-info: |   3   |    local    |    ::   |   enp0s3  |   U   |
[   10.215446] cloud-init[796]: ci-info: |   4   |   ff00::/8  |    ::   |   enp0s3  |   U   |
[   10.217433] cloud-init[796]: ci-info: +-------+-------------+---------+-----------+-------+
[   10.761622] cloud-init[796]: Generating public/private rsa key pair.
[   10.762121] cloud-init[796]: Your identification has been saved in /etc/ssh/ssh_host_rsa_key.
[   10.772182] cloud-init[796]: Your public key has been saved in /etc/ssh/ssh_host_rsa_key.pub.
[   10.784186] cloud-init[796]: The key fingerprint is:
[   10.796495] cloud-init[796]: SHA256:t/zc1H7wwlgu/4SkodnaNvi1sgHa35H2I/sdoMdYXIc root@ubuntu-bionic
[[0;32m  OK  [0m] Started Initial cloud-init job (metadata service crawler).
[[   10.811827] cloud-init[796]: The key's randomart image is:
[   10.812291] cloud-init[796]: +---[RSA 2048]----+
[   10.812430] cloud-init[796]: |                 |
[   10.813083] cloud-init[796]: |               . |
[   10.813679] cloud-init[796]: |              E..|
[   10.814260] cloud-init[796]: |            . . .|
[   10.814840] cloud-init[796]: |        S o .+.  |
[   10.815437] cloud-init[796]: |         = *=+++ |
[   10.816018] [0;32m  OK  [0m] Reached target Cloud-config availability.
[[0;32m  OK  [0m] Reached target Network is Online.
cloud-init[796]: |        . *++BB+o|
[   10.818070] cloud-init[796]: |          .*BO+B=|
[[0;32m  OK  [0m] Reached target Remote File Systems (Pre).
[[0;32m  OK  [0m] Reached target Remote File Systems.
         Starting Availability of block devices...
[[0;32m  OK  [0m] Reached target System Initialization.
[[0;32m  OK  [0m] Listening on Open-iSCSI iscsid Socket.
[[0;32m  OK  [0m] Listening on UUID daemon activation socket.
[[0;32m  OK  [0m] Started Daily apt download activities.
[[0;32m  OK  [0m] Started Discard unused blocks once a week.
[[0;32m  OK  [0m] Started Daily apt upgrade and clean activities.
[   10.831592] cloud-init[796]: |          .oBBO+B|
[   10.872884] [[0;32m  OK  [0m] Started ACPI Events Check.
         Starting Socket activation for snappy daemon.
[[0;32m  OK  [0m] Started Daily Cleanup of Temporary Directories.
[[0;32m  OK  [0m] Started Message of the Day.
[[0;32m  OK  [0m] Reached target Timers.
cloud-init[796]: +----[SHA256]-----+
[   10.888992] cloud-init[796]: Generating public/private dsa key pair.
[   10.900289] cloud-init[796]: Your identification has been saved in /etc/ssh/ssh_host_dsa_key.
[[0;32m  OK  [0m] Listening on ACPID Listen Socket.
[[0;32m  OK  [0m] Listening on D-Bus System Message Bus Socket.
[   10.902781] cloud-init         Starting LXD - unix socket.
[[0;32m  OK  [0m] Reached target Paths.
[796]: Your public key has been saved in /etc/ssh/ssh_host_dsa_key.pub.
[   10.916359] cloud-init[796]: The key fingerprint is:
[[0;32m  OK  [0m] Started Availability of block devices.
[   10.917643] cloud-init[796]: SHA256:jDs7z9FoWPdEF4lv2dKB0x86y/PCNe0GZ2HOgDOPpzw root@ubuntu-bionic
[[0;32m  OK  [0m] Listening on Socket activation for snappy daemon.
[[0;32m  OK  [0m] Listening on LXD - unix socket.
[[0;32m  OK  [0m] Reached target Sockets.
[[0;32m  OK  [0m] Reached target Basic System.
         Starting LSB: automatic crash report generation...
         Starting LSB: Record successful boot for GRUB...
[   10.922597] cloud-init[796]: The key's randomart image is:
[   10.949220] cloud-init[796]: +---[DSA 1024]----+
[   10.952602] cloud-init[796]: |             .+. |
         Starting Pollinate to seed the pseudo random number generator...
[[0;32m  OK  [0m] Started Deferred execution scheduler.
[   10.955511] cloud-init[796]: |            .o.= |
[[0;32m  OK  [0m] Started Regular background program processing daemon.
[   10.979624] cloud-init[796]: |            o.+++|
[   10.992463] cloud-init[796]: |       o   = ==o+|
[   10.993176] cloud-init[796]: |      . S . B.B.o|
[   10.993610] cloud-init[796]: |       + + + *.=+|
[   10.993967] cloud-init[796]: |      + + o = +=.|
[   10.994307] cloud-init[796]: |      .= . E o .o|
[   10.995012] cloud-init[796]: |      .oo   . .. |
[   10.995790] cloud-init[796]: +----[SHA256]-----+
[   10.996281] cloud-init[796]: Generating public/private ecdsa key pair.
[   11.008254] cloud-init[796]: Your identification has been saved in /etc/ssh/ssh_host_ecdsa_key.
         Starting Dispatcher daemon for systemd-networkd...
         Starting Permit User Sessions...
         Starting Accounts Service...
[[0;32m  OK  [0m] Started FUSE filesystem for LXC.
[   11.010620] cloud-init[796]: Your public key has been saved in /etc/ssh/ssh_host_ecdsa_key.pub.
[   11.025261] cloud-init[796]: The key fingerprint is:
         Starting Login Service...
[   11.039545] cloud-init[796]: SHA256:7HklK8zyeETTLGoEQ8PSdOnHBAUwbmmCChXve3+DvZw root@ubuntu-bionic
[   11.041782] cloud-init[796]: The key's randomart image is:
[   11.042244] cloud-init[796]: +---[ECDSA 256]---+
[   11.042593] cloud-init[796]: |  o**.+=.        |
[   11.043481] cloud-init[796]: | o.o==. .        |
[   11.044133] cloud-init[796]: |o ..*+ o o       |
[   11.044731] cloud-init[796]: |o  =  o.* o      |
[   11.056300] cloud-init[796]: |.   .. +So. .    |
[   11.057326] cloud-init[796]: |     .o+.. +     |
[   11.068355] cloud-init[796]: |    ..o.*oo      |
[   11.068945] cloud-init[796]: |     . =o++.     |
[   11.080226] cloud-init[796]: |      ..o.Eo     |
         Starting Snap Daemon...
         Starting LXD - container startup/shutdown...
         Starting System Logging Service...
[[0;32m  OK  [0m] Started D-Bus System Message Bus.
[   11.095675] cloud-init[796]: +----[SHA256]-----+
[   11.113697] cloud-init[796]: Generating public/private ed25519 key pair.
[   11.115139] cloud-init[796]: Your identification has been saved in /etc/ssh/ssh_host_ed25519_key.
[   11.116418] cloud-init[796]: Your public key has been saved in /etc/ssh/ssh_host_ed25519_key.pub.
[   11.117862] cloud-init[796]: The key fingerprint is:
[   11.128659] cloud-init[796]: SHA256:XwHmG+stSCIM9AIzcqlbZdA9mjSreIZPjXnP++GPMMk root@ubuntu-bionic
[   11.140320] cloud-init[796]: The key's randomart image is:
[   11.141314] cloud-init[796]: +--[ED25519 256]--+
[   11.142180] cloud-init[796]: |= ++ .    o      |
[   11.146878] cloud-init[796]: |.*..* o  o .     |
[   11.147313] cloud-init[796]: | .o+.= .  o .    |
[   11.156348] cloud-init[796]: |. .++      + .   |
[   11.171926] cloud-init[796]: | = =o . S o .    |
[   11.187601] cloud-init[796]: |+ B oo + + o     |
[   11.187973] cloud-init[796]: | = . oE o + .    |
[   11.188398] cloud-init[796]: |  .   o+ o .     |
[   11.189199] cloud-init[796]: |      .o+..      |
[   11.189689] cloud-init[796]: +----[SHA256]-----+
[[0;32m  OK  [0m] Started Login Service.
[[0;32m  OK  [0m] Started Unattended Upgrades Shutdown.
[[0;32m  OK  [0m] Started irqbalance daemon.
         Starting Virtualbox guest utils...
[[0;32m  OK  [0m] Started System Logging Service.
[[0;32m  OK  [0m] Started Permit User Sessions.
         Starting Hold until boot process finishes up...
         Starting Terminate Plymouth Boot Screen...
[[0;32m  OK  [0m] Started Hold until boot process finishes up.
         Starting Set console scheme...
[[0;32m  OK  [0m] Started Serial Getty on ttyS0.
[[0;32m  OK  [0m] Started Terminate Plymouth Boot Screen.
[[0;32m  OK  [0m] Started Set console scheme.
[[0;32m  OK  [0m] Created slice system-getty.slice.
[[0;32m  OK  [0m] Started Getty on tty1.
[[0;32m  OK  [0m] Reached target Login Prompts.
         Starting Authorization Manager...
[[0;32m  OK  [0m] Started LXD - container startup/shutdown.
[[0;32m  OK  [0m] Started LSB: automatic crash report generation.
[[0;32m  OK  [0m] Started Authorization Manager.
[[0;32m  OK  [0m] Started Accounts Service.
[[0;32m  OK  [0m] Started LSB: Record successful boot for GRUB.
[[0;32m  OK  [0m] Started Virtualbox guest utils.
[[0;32m  OK  [0m] Started Dispatcher daemon for systemd-networkd.
[[0;32m  OK  [0m] Started Snap Daemon.
         Starting Wait until snapd is fully seeded...
[[0;32m  OK  [0m] Started Pollinate to seed the pseudo random number generator.
         Starting OpenBSD Secure Shell server...
[[0;32m  OK  [0m] Started OpenBSD Secure Shell server.
[[0;32m  OK  [0m] Created slice User Slice of vagrant.
         Starting User Manager for UID 1000...
[[0;32m  OK  [0m] Started Session 1 of user vagrant.
[[0;32m  OK  [0m] Started User Manager for UID 1000.
[[0;32m  OK  [0m] Started Wait until snapd is fully seeded.
         Starting Apply the settings specified in cloud-config...
[[0;32m  OK  [0m] Reached target Multi-User System.
[[0;32m  OK  [0m] Reached target Graphical Interface.
         Starting Update UTMP about System Runlevel Changes...
[[0;32m  OK  [0m] Started Update UTMP about System Runlevel Changes.
[   14.932780] cloud-init[1268]: Cloud-init v. 20.3-2-g371b392c-0ubuntu1~18.04.1 running 'modules:config' at Mon, 14 Dec 2020 12:24:03 +0000. Up 13.93 seconds.
[[0;32m  OK  [0m] Started Apply the settings specified in cloud-config.
         Starting Execute cloud user/final scripts...
ci-info: no authorized SSH keys fingerprints found for user ubuntu.
<14>Dec 14 12:24:05 ec2: 
<14>Dec 14 12:24:05 ec2: #############################################################
<14>Dec 14 12:24:05 ec2: -----BEGIN SSH HOST KEY FINGERPRINTS-----
<14>Dec 14 12:24:05 ec2: 1024 SHA256:jDs7z9FoWPdEF4lv2dKB0x86y/PCNe0GZ2HOgDOPpzw root@ubuntu-bionic (DSA)
<14>Dec 14 12:24:05 ec2: 256 SHA256:7HklK8zyeETTLGoEQ8PSdOnHBAUwbmmCChXve3+DvZw root@ubuntu-bionic (ECDSA)
<14>Dec 14 12:24:05 ec2: 256 SHA256:XwHmG+stSCIM9AIzcqlbZdA9mjSreIZPjXnP++GPMMk root@ubuntu-bionic (ED25519)
<14>Dec 14 12:24:05 ec2: 2048 SHA256:t/zc1H7wwlgu/4SkodnaNvi1sgHa35H2I/sdoMdYXIc root@ubuntu-bionic (RSA)
<14>Dec 14 12:24:05 ec2: -----END SSH HOST KEY FINGERPRINTS-----
<14>Dec 14 12:24:05 ec2: #############################################################
-----BEGIN SSH HOST KEY KEYS-----
ecdsa-sha2-nistp256 AAAAE2VjZHNhLXNoYTItbmlzdHAyNTYAAAAIbmlzdHAyNTYAAABBBJweyd6K1D9EKDR8pimk2tGgViN3ssJj3ArZ7wTWwnYe49KdF6cnYlHYOMvS3xN9OZSUD68x5DmPiLnwWJc3zK0= root@ubuntu-bionic
ssh-ed25519 AAAAC3NzaC1lZDI1NTE5AAAAIK9VRuoJcfCx6C2GKQfTsmOAEij5T69wF8GLZ1MHwuRo root@ubuntu-bionic
ssh-rsa AAAAB3NzaC1yc2EAAAADAQABAAABAQDMGD9rI4nYV4udgijAK6AcUxhxnz7pY25K1q310gT0J/paWlZJvHL8I5IhQBVeaIHh+lkj7Pq1XMkZssxG+essVRGr3+rJMvCe+a3XRxMdC27cCsM7+lzW030FinCxnmKt8RNBcUOFVuL2CNOoaX35YOHGxTwmjA6qAA+F0w6oUGFWz1QeujFnahLdj+iKvWfrz96+krAtn87C59R9EfIoCGgzIf0N9VTtCZGXwYJjv1pFO7avmN8CCN9Rw0uZ4wYTlLRNz//fyWdj+7Lrz+OYzreUx3cY7wxVS28bCP319uxEDWG+dwl4QRCJwBC5v4uNHOzUMXsoBSbDNK6NVVet root@ubuntu-bionic
-----END SSH HOST KEY KEYS-----
[   15.926520] cloud-init[1386]: Cloud-init v. 20.3-2-g371b392c-0ubuntu1~18.04.1 running 'modules:final' at Mon, 14 Dec 2020 12:24:05 +0000. Up 15.70 seconds.
[   15.928543] cloud-init[1386]: ci-info: no authorized SSH keys fingerprints found for user ubuntu.
[   15.942539] cloud-init[1386]: Cloud-init v. 20.3-2-g371b392c-0ubuntu1~18.04.1 finished at Mon, 14 Dec 2020 12:24:05 +0000. Datasource DataSourceNoCloud [seed=/dev/sdb][dsmode=net].  Up 15.91 seconds
[[0;32m  OK  [0m] Started Execute cloud user/final scripts.
[[0;32m  OK  [0m] Reached target Cloud-init target.

Ubuntu 18.04.5 LTS ubuntu-bionic ttyS0

ubuntu-bionic login: 